<?xml version="1.0" encoding="UTF-8"?>
<testsuite xmlns:xsi="http://www.w3.org/2001/XMLSchema-instance" xsi:noNamespaceSchemaLocation="https://maven.apache.org/surefire/maven-surefire-plugin/xsd/surefire-test-report-3.0.xsd" version="3.0" name="EmployerServicesImplTest" time="1.388" tests="2" errors="1" skipped="0" failures="0">
  <properties>
[...]
</properties>
  <testcase name="testGetEmployerById_InvalidIdFormat" classname="EmployerServicesImplTest" time="0.392"/>
  <testcase name="testGetEmployerById_EmployerNotFound" classname="EmployerServicesImplTest" time="0.957">
    <error message="Unexpected exception, expected&lt;java.lang.Exception&gt; but was&lt;java.lang.ExceptionInInitializerError&gt;" type="java.lang.Exception"><![CDATA[java.lang.Exception: Unexpected exception, expected<java.lang.Exception> but was<java.lang.ExceptionInInitializerError>
	at org.junit.internal.runners.statements.ExpectException.evaluate(ExpectException.java:28)
	at org.junit.internal.runners.statements.RunBefores.evaluate(RunBefores.java:26)
	at org.junit.runners.ParentRunner.runLeaf(ParentRunner.java:271)
	at org.junit.runners.BlockJUnit4ClassRunner.runChild(BlockJUnit4ClassRunner.java:70)
	at org.junit.runners.BlockJUnit4ClassRunner.runChild(BlockJUnit4ClassRunner.java:50)
	at org.junit.runners.ParentRunner$3.run(ParentRunner.java:238)
	at org.junit.runners.ParentRunner$1.schedule(ParentRunner.java:63)
	at org.junit.runners.ParentRunner.runChildren(ParentRunner.java:236)
	at org.junit.runners.ParentRunner.access$000(ParentRunner.java:53)
	at org.junit.runners.ParentRunner$2.evaluate(ParentRunner.java:229)
	at org.junit.runners.ParentRunner.run(ParentRunner.java:309)
	at org.apache.maven.surefire.junit4.JUnit4Provider.execute(JUnit4Provider.java:316)
	at org.apache.maven.surefire.junit4.JUnit4Provider.executeWithRerun(JUnit4Provider.java:240)
	at org.apache.maven.surefire.junit4.JUnit4Provider.executeTestSet(JUnit4Provider.java:214)
	at org.apache.maven.surefire.junit4.JUnit4Provider.invoke(JUnit4Provider.java:155)
	at org.apache.maven.surefire.booter.ForkedBooter.runSuitesInProcess(ForkedBooter.java:385)
	at org.apache.maven.surefire.booter.ForkedBooter.execute(ForkedBooter.java:162)
	at org.apache.maven.surefire.booter.ForkedBooter.run(ForkedBooter.java:507)
	at org.apache.maven.surefire.booter.ForkedBooter.main(ForkedBooter.java:495)
Caused by: java.lang.ExceptionInInitializerError
	at org.hibernate.boot.internal.SessionFactoryOptionsBuilder.lambda$determineJsonFormatMapper$6(SessionFactoryOptionsBuilder.java:808)
	at org.hibernate.boot.registry.selector.internal.StrategySelectorImpl.resolveStrategy(StrategySelectorImpl.java:221)
	at org.hibernate.boot.registry.selector.internal.StrategySelectorImpl.resolveDefaultableStrategy(StrategySelectorImpl.java:181)
	at org.hibernate.boot.internal.SessionFactoryOptionsBuilder.determineJsonFormatMapper(SessionFactoryOptionsBuilder.java:794)
	at org.hibernate.boot.internal.SessionFactoryOptionsBuilder.<init>(SessionFactoryOptionsBuilder.java:300)
	at org.hibernate.boot.internal.SessionFactoryBuilderImpl.<init>(SessionFactoryBuilderImpl.java:48)
	at org.hibernate.boot.internal.DefaultSessionFactoryBuilderService.createSessionFactoryBuilder(DefaultSessionFactoryBuilderService.java:26)
	at org.hibernate.boot.internal.MetadataImpl.getSessionFactoryBuilder(MetadataImpl.java:151)
	at org.hibernate.jpa.boot.internal.EntityManagerFactoryBuilderImpl.build(EntityManagerFactoryBuilderImpl.java:1421)
	at org.hibernate.jpa.HibernatePersistenceProvider.createEntityManagerFactory(HibernatePersistenceProvider.java:55)
	at jakarta.persistence.Persistence.createEntityManagerFactory(Persistence.java:80)
	at jakarta.persistence.Persistence.createEntityManagerFactory(Persistence.java:55)
	at iti.project.soap.Utils.JpaTransactionManager.<clinit>(JpaTransactionManager.java:16)
	at iti.project.soap.Persistance.DAO.EmployerDAOImp.getById(EmployerDAOImp.java:14)
	at EmployerServicesImplTest.testGetEmployerById_EmployerNotFound(EmployerServicesImplTest.java:46)
	at java.base/jdk.internal.reflect.NativeMethodAccessorImpl.invoke0(Native Method)
	at java.base/jdk.internal.reflect.NativeMethodAccessorImpl.invoke(NativeMethodAccessorImpl.java:77)
	at java.base/jdk.internal.reflect.DelegatingMethodAccessorImpl.invoke(DelegatingMethodAccessorImpl.java:43)
	at java.base/java.lang.reflect.Method.invoke(Method.java:568)
	at org.junit.runners.model.FrameworkMethod$1.runReflectiveCall(FrameworkMethod.java:47)
	at org.junit.internal.runners.model.ReflectiveCallable.run(ReflectiveCallable.java:12)
	at org.junit.runners.model.FrameworkMethod.invokeExplosively(FrameworkMethod.java:44)
	at org.junit.internal.runners.statements.InvokeMethod.evaluate(InvokeMethod.java:17)
	at org.junit.internal.runners.statements.ExpectException.evaluate(ExpectException.java:19)
	... 18 more
Caused by: jakarta.json.bind.JsonbException: JSON Binding provider org.eclipse.yasson.JsonBindingProvider not found
	at jakarta.json.bind.spi.JsonbProvider.provider(JsonbProvider.java:97)
	at jakarta.json.bind.JsonbBuilder.create(JsonbBuilder.java:86)
	at org.hibernate.type.JsonBJsonFormatMapper.<init>(JsonBJsonFormatMapper.java:27)
	at org.hibernate.type.JsonBJsonFormatMapper.<clinit>(JsonBJsonFormatMapper.java:22)
	... 42 more
Caused by: java.lang.ClassNotFoundException: org.eclipse.yasson.JsonBindingProvider
	at java.base/jdk.internal.loader.BuiltinClassLoader.loadClass(BuiltinClassLoader.java:641)
	at java.base/jdk.internal.loader.ClassLoaders$AppClassLoader.loadClass(ClassLoaders.java:188)
	at java.base/java.lang.ClassLoader.loadClass(ClassLoader.java:520)
	at java.base/java.lang.Class.forName0(Native Method)
	at java.base/java.lang.Class.forName(Class.java:375)
	at jakarta.json.bind.spi.JsonbProvider.provider(JsonbProvider.java:94)
	... 45 more
]]></error>
    <system-err><![CDATA[Apr 09, 2024 10:13:05 PM org.hibernate.jpa.internal.util.LogHelper logPersistenceUnitInformation
INFO: HHH000204: Processing PersistenceUnitInfo [name: PU]
Apr 09, 2024 10:13:05 PM org.hibernate.Version logVersion
INFO: HHH000412: Hibernate ORM core version 6.0.2.Final
Apr 09, 2024 10:13:05 PM org.hibernate.resource.beans.spi.ManagedBeanRegistryInitiator resolveBeanContainer
INFO: HHH10005002: No explicit CDI BeanManager reference was passed to Hibernate, but CDI is available on the Hibernate ClassLoader.
Apr 09, 2024 10:13:05 PM org.hibernate.engine.jdbc.connections.internal.ConnectionProviderInitiator initiateService
INFO: HHH000130: Instantiating explicit connection provider: org.hibernate.hikaricp.internal.HikariCPConnectionProvider
SLF4J: Failed to load class "org.slf4j.impl.StaticLoggerBinder".
SLF4J: Defaulting to no-operation (NOP) logger implementation
SLF4J: See http://www.slf4j.org/codes.html#StaticLoggerBinder for further details.
Apr 09, 2024 10:13:05 PM org.hibernate.engine.jdbc.dialect.internal.DialectFactoryImpl logSelectedDialect
INFO: HHH000400: Using dialect: org.hibernate.dialect.MySQLDialect
]]></system-err>
  </testcase>
</testsuite>